#
# A fatal error has been detected by the Java Runtime Environment:
#
#  EXCEPTION_ACCESS_VIOLATION (0xc0000005) at pc=0x000000018002cc90, pid=7604, tid=212
#
# JRE version: Java(TM) SE Runtime Environment (7.0_71-b14) (build 1.7.0_71-b14)
# Java VM: Java HotSpot(TM) 64-Bit Server VM (24.71-b01 mixed mode windows-amd64 compressed oops)
# Problematic frame:
# C  [ASProxy64.dll+0x2cc90]
#
# Failed to write core dump. Minidumps are not enabled by default on client versions of Windows
#
# If you would like to submit a bug report, please visit:
#   http://bugreport.sun.com/bugreport/crash.jsp
# The crash happened outside the Java Virtual Machine in native code.
# See problematic frame for where to report the bug.
#

---------------  T H R E A D  ---------------

Current thread (0x000000000e541800):  JavaThread "Daemon worker Thread 2" [_thread_in_native, id=212, stack(0x0000000010d90000,0x0000000010e90000)]

siginfo: ExceptionCode=0xc0000005, writing address 0x0000000000000000

Registers:
RAX=0x0000000000000000, RBX=0x000000000e5419e8, RCX=0x000000000083e710, RDX=0x0000000010e88d98
RSP=0x0000000010e88da0, RBP=0x0000000000000000, RSI=0x000000000e2f4f80, RDI=0x0000000000000000
R8 =0x000000018006eb38, R9 =0x0000000000008000, R10=0x000000006d6c5f80, R11=0x000000006d6c5f80
R12=0x0000000000000004, R13=0x0000000010e88fb8, R14=0x000000000f302510, R15=0x0000000000000007
RIP=0x000000018002cc90, EFLAGS=0x0000000000010206

Top of Stack: (sp=0x0000000010e88da0)
0x0000000010e88da0:   0000000000000000 0000000010e800e8
0x0000000010e88db0:   fffffffffffffffe 0000000010e88e08
0x0000000010e88dc0:   000000000e5419e8 000000018002dbf2
0x0000000010e88dd0:   000000018006eac0 000000000083e710
0x0000000010e88de0:   000000000be673a0 000000000be673a0
0x0000000010e88df0:   0000000000000000 0000000000000000
0x0000000010e88e00:   fffffffffffffffe 0000000000000004
0x0000000010e88e10:   0000000000000007 000000018002db42
0x0000000010e88e20:   000000000083e710 000000000083e710
0x0000000010e88e30:   000000000e5419e8 000000006cba8d94
0x0000000010e88e40:   0000000010166a50 000000000e2f4f80
0x0000000010e88e50:   000000000e2f4f80 0000000010166a50
0x0000000010e88e60:   000000000e5419e8 000000006cf53702
0x0000000010e88e70:   000000000083e710 000000000e5419e8
0x0000000010e88e80:   0000000010166a50 000000000e2f4f80
0x0000000010e88e90:   0000000000000004 000000000083e710 

Instructions: (pc=0x000000018002cc90)
0x000000018002cc70:   af 04 24 83 c0 0d 89 04 24 8b 44 24 04 0f af 04
0x000000018002cc80:   24 83 c0 0e 89 04 24 8b 44 24 04 0f af 04 24 83
0x000000018002cc90:   c0 0f 89 04 24 8b 44 24 04 0f af 04 24 83 c0 10
0x000000018002cca0:   89 04 24 8b 44 24 04 0f af 04 24 83 c0 11 89 04 


Register to memory mapping:

RAX=0x0000000000000000 is an unknown value
RBX=0x000000000e5419e8 is an unknown value
RCX=0x000000000083e710 is an unknown value
RDX=0x0000000010e88d98 is pointing into the stack for thread: 0x000000000e541800
RSP=0x0000000010e88da0 is pointing into the stack for thread: 0x000000000e541800
RBP=0x0000000000000000 is an unknown value
RSI=0x000000000e2f4f80 is an unknown value
RDI=0x0000000000000000 is an unknown value
R8 =0x000000018006eb38 is an unknown value
R9 =0x0000000000008000 is an unknown value
R10=0x000000006d6c5f80 is an unknown value
R11=0x000000006d6c5f80 is an unknown value
R12=0x0000000000000004 is an unknown value
R13=0x0000000010e88fb8 is pointing into the stack for thread: 0x000000000e541800
R14=0x000000000f302510 is an unknown value
R15=0x0000000000000007 is an unknown value


Stack: [0x0000000010d90000,0x0000000010e90000],  sp=0x0000000010e88da0,  free space=995k
Native frames: (J=compiled Java code, j=interpreted, Vv=VM code, C=native code)
C  [ASProxy64.dll+0x2cc90]

[error occurred during error reporting (printing native stack), id 0xc0000005]

Java frames: (J=compiled Java code, j=interpreted, Vv=VM code)
j  java.net.Inet6AddressImpl.lookupAllHostAddr(Ljava/lang/String;)[Ljava/net/InetAddress;+0
j  java.net.InetAddress$1.lookupAllHostAddr(Ljava/lang/String;)[Ljava/net/InetAddress;+4
j  java.net.InetAddress.getAddressesFromNameService(Ljava/lang/String;Ljava/net/InetAddress;)[Ljava/net/InetAddress;+51
j  java.net.InetAddress.getLocalHost()Ljava/net/InetAddress;+90
j  javax.crypto.JarVerifier.getSystemEntropy()[B+86
j  javax.crypto.JarVerifier.testSignatures(Ljava/security/cert/X509Certificate;Ljava/security/cert/CertificateFactory;)V+3
j  javax.crypto.JarVerifier.access$400(Ljava/security/cert/X509Certificate;Ljava/security/cert/CertificateFactory;)V+2
j  javax.crypto.JarVerifier$1.run()Ljava/lang/Void;+71
j  javax.crypto.JarVerifier$1.run()Ljava/lang/Object;+1
v  ~StubRoutines::call_stub
j  java.security.AccessController.doPrivileged(Ljava/security/PrivilegedExceptionAction;)Ljava/lang/Object;+0
j  javax.crypto.JarVerifier.<clinit>()V+7
v  ~StubRoutines::call_stub
j  javax.crypto.JceSecurity.loadPolicies(Ljava/io/File;Ljavax/crypto/CryptoPermissions;Ljavax/crypto/CryptoPermissions;)V+146
j  javax.crypto.JceSecurity.setupJurisdictionPolicies()V+130
j  javax.crypto.JceSecurity.access$000()V+0
j  javax.crypto.JceSecurity$1.run()Ljava/lang/Object;+0
v  ~StubRoutines::call_stub
j  java.security.AccessController.doPrivileged(Ljava/security/PrivilegedExceptionAction;)Ljava/lang/Object;+0
j  javax.crypto.JceSecurity.<clinit>()V+49
v  ~StubRoutines::call_stub
j  javax.crypto.KeyAgreement.getInstance(Ljava/lang/String;)Ljavax/crypto/KeyAgreement;+37
j  sun.security.ssl.JsseJce.getKeyAgreement(Ljava/lang/String;)Ljavax/crypto/KeyAgreement;+7
j  sun.security.ssl.JsseJce.isEcAvailable()Z+20
j  sun.security.ssl.CipherSuite$KeyExchange.isAvailable()Z+28
j  sun.security.ssl.CipherSuite.isAvailable()Z+11
j  sun.security.ssl.SSLContextImpl.getApplicableCipherSuiteList(Lsun/security/ssl/ProtocolList;Z)Lsun/security/ssl/CipherSuiteList;+105
j  sun.security.ssl.SSLContextImpl.getDefaultCipherSuiteList(Z)Lsun/security/ssl/CipherSuiteList;+55
j  sun.security.ssl.SSLSocketImpl.init(Lsun/security/ssl/SSLContextImpl;Z)V+83
j  sun.security.ssl.SSLSocketImpl.<init>(Lsun/security/ssl/SSLContextImpl;)V+77
j  sun.security.ssl.SSLSocketFactoryImpl.createSocket()Ljava/net/Socket;+8
j  org.apache.http.conn.ssl.SSLSocketFactory.createSocket(Lorg/apache/http/params/HttpParams;)Ljava/net/Socket;+4
j  org.apache.http.impl.conn.DefaultClientConnectionOperator.openConnection(Lorg/apache/http/conn/OperatedClientConnection;Lorg/apache/http/HttpHost;Ljava/net/InetAddress;Lorg/apache/http/protocol/HttpContext;Lorg/apache/http/params/HttpParams;)V+142
j  org.apache.http.impl.conn.ManagedClientConnectionImpl.open(Lorg/apache/http/conn/routing/HttpRoute;Lorg/apache/http/protocol/HttpContext;Lorg/apache/http/params/HttpParams;)V+133
j  org.apache.http.impl.client.DefaultRequestDirector.tryConnect(Lorg/apache/http/impl/client/RoutedRequest;Lorg/apache/http/protocol/HttpContext;)V+49
j  org.apache.http.impl.client.DefaultRequestDirector.execute(Lorg/apache/http/HttpHost;Lorg/apache/http/HttpRequest;Lorg/apache/http/protocol/HttpContext;)Lorg/apache/http/HttpResponse;+367
j  org.apache.http.impl.client.AbstractHttpClient.execute(Lorg/apache/http/HttpHost;Lorg/apache/http/HttpRequest;Lorg/apache/http/protocol/HttpContext;)Lorg/apache/http/HttpResponse;+344
j  org.apache.http.impl.client.DecompressingHttpClient.execute(Lorg/apache/http/HttpHost;Lorg/apache/http/HttpRequest;Lorg/apache/http/protocol/HttpContext;)Lorg/apache/http/HttpResponse;+65
j  org.apache.http.impl.client.DecompressingHttpClient.execute(Lorg/apache/http/client/methods/HttpUriRequest;Lorg/apache/http/protocol/HttpContext;)Lorg/apache/http/HttpResponse;+8
j  org.gradle.internal.resource.transport.http.HttpClientHelper.performHttpRequest(Lorg/apache/http/client/methods/HttpRequestBase;)Lorg/apache/http/HttpResponse;+37
j  org.gradle.internal.resource.transport.http.HttpClientHelper.executeGetOrHead(Lorg/apache/http/client/methods/HttpRequestBase;)Lorg/apache/http/HttpResponse;+2
j  org.gradle.internal.resource.transport.http.HttpClientHelper.performRequest(Lorg/apache/http/client/methods/HttpRequestBase;)Lorg/apache/http/HttpResponse;+7
j  org.gradle.internal.resource.transport.http.HttpClientHelper.performRawGet(Ljava/lang/String;)Lorg/apache/http/HttpResponse;+9
j  org.gradle.internal.resource.transport.http.HttpClientHelper.performGet(Ljava/lang/String;)Lorg/apache/http/HttpResponse;+6
j  org.gradle.internal.resource.transport.http.HttpResourceAccessor.getResource(Ljava/net/URI;)Lorg/gradle/internal/resource/transport/http/HttpResponseResource;+25
j  org.gradle.internal.resource.transport.http.HttpResourceAccessor.getResource(Ljava/net/URI;)Lorg/gradle/internal/resource/ExternalResource;+2
j  org.gradle.internal.resource.transfer.ProgressLoggingExternalResourceAccessor.getResource(Ljava/net/URI;)Lorg/gradle/internal/resource/ExternalResource;+5
j  org.gradle.internal.resource.transfer.DefaultCacheAwareExternalResourceAccessor.getResource(Ljava/net/URI;Lorg/gradle/internal/resource/transfer/CacheAwareExternalResourceAccessor$ResourceFileStore;Lorg/gradle/internal/resource/local/LocallyAvailableResourceCandidates;)Lorg/gradle/internal/resource/LocallyAvailableExternalResource;+52
j  org.gradle.api.internal.artifacts.repositories.resolver.DefaultExternalResourceArtifactResolver.downloadStaticResource(Ljava/util/List;Lorg/gradle/internal/component/external/model/ModuleComponentArtifactMetaData;Lorg/gradle/internal/resolve/result/ResourceAwareResolveResult;)Lorg/gradle/internal/resource/LocallyAvailableExternalResource;+92
j  org.gradle.api.internal.artifacts.repositories.resolver.DefaultExternalResourceArtifactResolver.resolveMetaDataArtifact(Lorg/gradle/internal/component/external/model/ModuleComponentArtifactMetaData;Lorg/gradle/internal/resolve/result/ResourceAwareResolveResult;)Lorg/gradle/internal/resource/LocallyAvailableExternalResource;+7
j  org.gradle.api.internal.artifacts.repositories.resolver.ExternalResourceResolver.parseMetaDataFromArtifact(Lorg/gradle/api/artifacts/component/ModuleComponentIdentifier;Lorg/gradle/api/internal/artifacts/repositories/resolver/ExternalResourceArtifactResolver;Lorg/gradle/internal/resolve/result/ResourceAwareResolveResult;)Lorg/gradle/internal/component/external/model/MutableModuleComponentResolveMetaData;+11
j  org.gradle.api.internal.artifacts.repositories.resolver.ExternalResourceResolver.resolveStaticDependency(Lorg/gradle/internal/component/model/DependencyMetaData;Lorg/gradle/api/artifacts/component/ModuleComponentIdentifier;Lorg/gradle/internal/resolve/result/BuildableModuleComponentMetaDataResolveResult;Lorg/gradle/api/internal/artifacts/repositories/resolver/ExternalResourceArtifactResolver;)V+5
j  org.gradle.api.internal.artifacts.repositories.resolver.MavenResolver.doResolveComponentMetaData(Lorg/gradle/internal/component/model/DependencyMetaData;Lorg/gradle/api/artifacts/component/ModuleComponentIdentifier;Lorg/gradle/internal/resolve/result/BuildableModuleComponentMetaDataResolveResult;)V+39
j  org.gradle.api.internal.artifacts.repositories.resolver.ExternalResourceResolver$RemoteRepositoryAccess.resolveComponentMetaData(Lorg/gradle/internal/component/model/DependencyMetaData;Lorg/gradle/api/artifacts/component/ModuleComponentIdentifier;Lorg/gradle/internal/resolve/result/BuildableModuleComponentMetaDataResolveResult;)V+7
j  org.gradle.api.internal.artifacts.ivyservice.ivyresolve.CacheLockReleasingModuleComponentsRepository$LockReleasingRepositoryAccess$2.run()V+19
j  org.gradle.internal.Factories$1.create()Ljava/lang/Object;+4
j  org.gradle.cache.internal.DefaultCacheAccess.longRunningOperation(Ljava/lang/String;Lorg/gradle/internal/Factory;)Ljava/lang/Object;+7
j  org.gradle.cache.internal.DefaultCacheAccess.longRunningOperation(Ljava/lang/String;Ljava/lang/Runnable;)V+6
j  org.gradle.cache.internal.DefaultPersistentDirectoryStore.longRunningOperation(Ljava/lang/String;Ljava/lang/Runnable;)V+6
j  org.gradle.cache.internal.DefaultCacheFactory$ReferenceTrackingCache.longRunningOperation(Ljava/lang/String;Ljava/lang/Runnable;)V+9
j  org.gradle.api.internal.artifacts.ivyservice.DefaultCacheLockingManager.longRunningOperation(Ljava/lang/String;Ljava/lang/Runnable;)V+6
j  org.gradle.api.internal.artifacts.ivyservice.ivyresolve.CacheLockReleasingModuleComponentsRepository$LockReleasingRepositoryAccess.resolveComponentMetaData(Lorg/gradle/internal/component/model/DependencyMetaData;Lorg/gradle/api/artifacts/component/ModuleComponentIdentifier;Lorg/gradle/internal/resolve/result/BuildableModuleComponentMetaDataResolveResult;)V+35
j  org.gradle.api.internal.artifacts.ivyservice.ivyresolve.CachingModuleComponentRepository$ResolveAndCacheRepositoryAccess.resolveComponentMetaData(Lorg/gradle/internal/component/model/DependencyMetaData;Lorg/gradle/api/artifacts/component/ModuleComponentIdentifier;Lorg/gradle/internal/resolve/result/BuildableModuleComponentMetaDataResolveResult;)V+24
j  org.gradle.api.internal.artifacts.ivyservice.ivyresolve.BaseModuleComponentRepositoryAccess.resolveComponentMetaData(Lorg/gradle/internal/component/model/DependencyMetaData;Lorg/gradle/api/artifacts/component/ModuleComponentIdentifier;Lorg/gradle/internal/resolve/result/BuildableModuleComponentMetaDataResolveResult;)V+7
j  org.gradle.api.internal.artifacts.ivyservice.ivyresolve.memcache.InMemoryCachedModuleComponentRepository$CachedAccess.resolveComponentMetaData(Lorg/gradle/internal/component/model/DependencyMetaData;Lorg/gradle/api/artifacts/component/ModuleComponentIdentifier;Lorg/gradle/internal/resolve/result/BuildableModuleComponentMetaDataResolveResult;)V+16
j  org.gradle.api.internal.artifacts.ivyservice.ivyresolve.ComponentMetaDataResolveState.process(Lorg/gradle/internal/component/model/DependencyMetaData;Lorg/gradle/api/artifacts/component/ModuleComponentIdentifier;Lorg/gradle/api/internal/artifacts/ivyservice/ivyresolve/ModuleComponentRepositoryAccess;Lorg/gradle/internal/resolve/result/BuildableModuleComponentMetaDataResolveResult;)V+5
j  org.gradle.api.internal.artifacts.ivyservice.ivyresolve.ComponentMetaDataResolveState.resolve()Lorg/gradle/internal/resolve/result/BuildableModuleComponentMetaDataResolveResult;+104
j  org.gradle.api.internal.artifacts.ivyservice.ivyresolve.RepositoryChainDependencyResolver.findBestMatch(Ljava/util/LinkedList;Ljava/util/Collection;Ljava/util/Collection;)Lorg/gradle/api/internal/artifacts/ivyservice/ivyresolve/RepositoryChainModuleResolution;+21
j  org.gradle.api.internal.artifacts.ivyservice.ivyresolve.RepositoryChainDependencyResolver.findBestMatch(Ljava/util/List;Ljava/util/Collection;)Lorg/gradle/api/internal/artifacts/ivyservice/ivyresolve/RepositoryChainModuleResolution;+28
j  org.gradle.api.internal.artifacts.ivyservice.ivyresolve.RepositoryChainDependencyResolver.resolve(Lorg/gradle/internal/component/model/DependencyMetaData;Lorg/gradle/internal/resolve/result/BuildableComponentResolveResult;)V+159
j  org.gradle.api.internal.artifacts.ivyservice.ivyresolve.RepositoryChainAdapter.resolve(Lorg/gradle/internal/component/model/DependencyMetaData;Lorg/gradle/api/artifacts/component/ComponentIdentifier;Lorg/gradle/internal/resolve/result/BuildableComponentResolveResult;)V+64
j  org.gradle.api.internal.artifacts.ivyservice.clientmodule.ClientModuleResolver.resolve(Lorg/gradle/internal/component/model/DependencyMetaData;Lorg/gradle/api/artifacts/component/ComponentIdentifier;Lorg/gradle/internal/resolve/result/BuildableComponentResolveResult;)V+7
j  org.gradle.api.internal.artifacts.ivyservice.resolveengine.graph.DependencyGraphBuilder$ModuleVersionResolveState.resolve()V+89
j  org.gradle.api.internal.artifacts.ivyservice.resolveengine.graph.DependencyGraphBuilder$ModuleVersionResolveState.getMetaData()Lorg/gradle/internal/component/model/ComponentResolveMetaData;+8
j  org.gradle.api.internal.artifacts.ivyservice.resolveengine.graph.DependencyGraphBuilder$DependencyEdge.calculateTargetConfigurations()V+13
j  org.gradle.api.internal.artifacts.ivyservice.resolveengine.graph.DependencyGraphBuilder$DependencyEdge.attachToTargetConfigurations()V+15
j  org.gradle.api.internal.artifacts.ivyservice.resolveengine.graph.DependencyGraphBuilder.traverseGraph(Lorg/gradle/api/internal/artifacts/ivyservice/resolveengine/graph/DependencyGraphBuilder$ResolveState;Lorg/gradle/api/internal/artifacts/ivyservice/resolveengine/graph/conflicts/ConflictHandler;)V+229
j  org.gradle.api.internal.artifacts.ivyservice.resolveengine.graph.DependencyGraphBuilder.resolveDependencyGraph(Lorg/gradle/api/internal/artifacts/configurations/ConfigurationInternal;Lorg/gradle/api/internal/artifacts/ivyservice/resolveengine/graph/DependencyGraphVisitor;)V+94
j  org.gradle.api.internal.artifacts.ivyservice.resolveengine.graph.DependencyGraphBuilder.resolve(Lorg/gradle/api/internal/artifacts/configurations/ConfigurationInternal;Lorg/gradle/api/internal/artifacts/ivyservice/resolveengine/result/ResolutionResultBuilder;Lorg/gradle/api/internal/artifacts/ivyservice/resolveengine/oldresult/ResolvedConfigurationBuilder;)V+51
j  org.gradle.api.internal.artifacts.ivyservice.resolveengine.DefaultDependencyResolver$1.execute(Lorg/apache/ivy/Ivy;)V+314
j  org.gradle.api.internal.artifacts.ivyservice.resolveengine.DefaultDependencyResolver$1.execute(Ljava/lang/Object;)V+5
j  org.gradle.internal.Transformers$4.transform(Ljava/lang/Object;)Ljava/lang/Object;+5
j  org.gradle.api.internal.artifacts.ivyservice.DefaultIvyContextManager.withIvy(Lorg/gradle/api/Transformer;)Ljava/lang/Object;+96
j  org.gradle.api.internal.artifacts.ivyservice.DefaultIvyContextManager.withIvy(Lorg/gradle/api/Action;)V+5
j  org.gradle.api.internal.artifacts.ivyservice.resolveengine.DefaultDependencyResolver.resolve(Lorg/gradle/api/internal/artifacts/configurations/ConfigurationInternal;Ljava/util/List;Lorg/gradle/api/internal/artifacts/GlobalDependencyResolutionRules;Lorg/gradle/api/internal/artifacts/ResolverResults;)V+28
j  org.gradle.api.internal.artifacts.ivyservice.CacheLockingArtifactDependencyResolver$1.run()V+23
j  org.gradle.internal.Factories$1.create()Ljava/lang/Object;+4
j  org.gradle.cache.internal.DefaultCacheAccess.useCache(Ljava/lang/String;Lorg/gradle/internal/Factory;)Ljava/lang/Object;+45
j  org.gradle.cache.internal.DefaultCacheAccess.useCache(Ljava/lang/String;Ljava/lang/Runnable;)V+6
j  org.gradle.cache.internal.DefaultPersistentDirectoryStore.useCache(Ljava/lang/String;Ljava/lang/Runnable;)V+6
j  org.gradle.cache.internal.DefaultCacheFactory$ReferenceTrackingCache.useCache(Ljava/lang/String;Ljava/lang/Runnable;)V+9
j  org.gradle.api.internal.artifacts.ivyservice.DefaultCacheLockingManager.useCache(Ljava/lang/String;Ljava/lang/Runnable;)V+6
j  org.gradle.api.internal.artifacts.ivyservice.CacheLockingArtifactDependencyResolver.resolve(Lorg/gradle/api/internal/artifacts/configurations/ConfigurationInternal;Ljava/util/List;Lorg/gradle/api/internal/artifacts/GlobalDependencyResolutionRules;Lorg/gradle/api/internal/artifacts/ResolverResults;)V+30
j  org.gradle.api.internal.artifacts.ivyservice.SelfResolvingDependencyResolver.resolve(Lorg/gradle/api/internal/artifacts/configurations/ConfigurationInternal;Ljava/util/List;Lorg/gradle/api/internal/artifacts/GlobalDependencyResolutionRules;Lorg/gradle/api/internal/artifacts/ResolverResults;)V+9
j  org.gradle.api.internal.artifacts.ivyservice.ShortcircuitEmptyConfigsArtifactDependencyResolver.resolve(Lorg/gradle/api/internal/artifacts/configurations/ConfigurationInternal;Ljava/util/List;Lorg/gradle/api/internal/artifacts/GlobalDependencyResolutionRules;Lorg/gradle/api/internal/artifacts/ResolverResults;)V+88
j  org.gradle.api.internal.artifacts.ivyservice.ErrorHandlingArtifactDependencyResolver.resolve(Lorg/gradle/api/internal/artifacts/configurations/ConfigurationInternal;Ljava/util/List;Lorg/gradle/api/internal/artifacts/GlobalDependencyResolutionRules;Lorg/gradle/api/internal/artifacts/ResolverResults;)V+9
j  org.gradle.api.internal.artifacts.ivyservice.DefaultConfigurationResolver.resolve(Lorg/gradle/api/internal/artifacts/configurations/ConfigurationInternal;)Lorg/gradle/api/internal/artifacts/ResolverResults;+33
j  org.gradle.api.internal.artifacts.configurations.DefaultConfiguration.resolveNow()V+40
j  org.gradle.api.internal.artifacts.configurations.DefaultConfiguration.getResolvedConfiguration()Lorg/gradle/api/artifacts/ResolvedConfiguration;+1
j  org.gradle.api.internal.artifacts.configurations.DefaultConfiguration_Decorated.getResolvedConfiguration()Lorg/gradle/api/artifacts/ResolvedConfiguration;+7
j  org.gradle.api.internal.artifacts.configurations.DefaultConfiguration$ConfigurationFileCollection.getFiles()Ljava/util/Set;+14
j  org.gradle.api.internal.artifacts.configurations.DefaultConfiguration.getFiles()Ljava/util/Set;+7
j  org.gradle.api.internal.artifacts.configurations.DefaultConfiguration_Decorated.getFiles()Ljava/util/Set;+7
j  org.gradle.plugin.use.internal.DefaultPluginRequestApplicator.defineScriptHandlerClassScope(Lorg/gradle/api/initialization/dsl/ScriptHandler;Lorg/gradle/api/internal/initialization/ClassLoaderScope;)V+15
j  org.gradle.plugin.use.internal.DefaultPluginRequestApplicator.applyPlugins(Ljava/util/Collection;Lorg/gradle/api/initialization/dsl/ScriptHandler;Lorg/gradle/api/plugins/PluginAware;Lorg/gradle/api/internal/initialization/ClassLoaderScope;)V+13
j  org.gradle.configuration.DefaultScriptPluginFactory$ScriptPluginImpl.apply(Ljava/lang/Object;)V+329
j  org.gradle.configuration.project.BuildScriptProcessor.execute(Lorg/gradle/api/internal/project/ProjectInternal;)V+85
j  org.gradle.configuration.project.BuildScriptProcessor.execute(Ljava/lang/Object;)V+5
j  org.gradle.configuration.project.ConfigureActionsProjectEvaluator.evaluate(Lorg/gradle/api/internal/project/ProjectInternal;Lorg/gradle/api/internal/project/ProjectStateInternal;)V+33
j  org.gradle.configuration.project.LifecycleProjectEvaluator.evaluate(Lorg/gradle/api/internal/project/ProjectInternal;Lorg/gradle/api/internal/project/ProjectStateInternal;)V+54
j  org.gradle.api.internal.project.AbstractProject.evaluate()Lorg/gradle/api/internal/project/AbstractProject;+9
j  org.gradle.api.internal.project.AbstractProject.evaluate()Lorg/gradle/api/Project;+1
j  org.gradle.execution.TaskPathProjectEvaluator.configureHierarchy(Lorg/gradle/api/internal/project/ProjectInternal;)V+21
j  org.gradle.configuration.DefaultBuildConfigurer.configure(Lorg/gradle/api/internal/GradleInternal;)V+50
j  org.gradle.initialization.DefaultGradleLauncher.doBuildStages(Lorg/gradle/initialization/DefaultGradleLauncher$Stage;)V+85
j  org.gradle.initialization.DefaultGradleLauncher.doBuild(Lorg/gradle/initialization/DefaultGradleLauncher$Stage;)Lorg/gradle/BuildResult;+27
j  org.gradle.initialization.DefaultGradleLauncher.run()Lorg/gradle/BuildResult;+4
j  org.gradle.launcher.exec.InProcessBuildActionExecuter$DefaultBuildController.run()Lorg/gradle/api/internal/GradleInternal;+5
j  org.gradle.tooling.internal.provider.BuildModelAction.run(Lorg/gradle/initialization/BuildController;)Lorg/gradle/tooling/internal/provider/BuildActionResult;+15
j  org.gradle.tooling.internal.provider.BuildModelAction.run(Lorg/gradle/initialization/BuildController;)Ljava/lang/Object;+2
j  org.gradle.tooling.internal.provider.ConfiguringBuildAction.run(Lorg/gradle/initialization/BuildController;)Ljava/lang/Object;+15
j  org.gradle.launcher.exec.InProcessBuildActionExecuter.execute(Lorg/gradle/initialization/BuildAction;Lorg/gradle/initialization/BuildCancellationToken;Lorg/gradle/launcher/exec/BuildActionParameters;)Ljava/lang/Object;+19
j  org.gradle.launcher.exec.InProcessBuildActionExecuter.execute(Lorg/gradle/initialization/BuildAction;Lorg/gradle/initialization/BuildCancellationToken;Ljava/lang/Object;)Ljava/lang/Object;+7
j  org.gradle.launcher.daemon.server.exec.ExecuteBuild.doBuild(Lorg/gradle/launcher/daemon/server/exec/DaemonCommandExecution;Lorg/gradle/launcher/daemon/protocol/Build;)V+47
j  org.gradle.launcher.daemon.server.exec.BuildCommandOnly.execute(Lorg/gradle/launcher/daemon/server/exec/DaemonCommandExecution;)V+49
j  org.gradle.launcher.daemon.server.exec.DaemonCommandExecution.proceed()Z+28
j  org.gradle.launcher.daemon.server.exec.WatchForDisconnection.execute(Lorg/gradle/launcher/daemon/server/exec/DaemonCommandExecution;)V+19
j  org.gradle.launcher.daemon.server.exec.DaemonCommandExecution.proceed()Z+28
j  org.gradle.launcher.daemon.server.exec.ResetDeprecationLogger.execute(Lorg/gradle/launcher/daemon/server/exec/DaemonCommandExecution;)V+4
j  org.gradle.launcher.daemon.server.exec.DaemonCommandExecution.proceed()Z+28
j  org.gradle.launcher.daemon.server.exec.StartStopIfBuildAndStop.execute(Lorg/gradle/launcher/daemon/server/exec/DaemonCommandExecution;)V+34
j  org.gradle.launcher.daemon.server.exec.DaemonCommandExecution.proceed()Z+28
j  org.gradle.launcher.daemon.server.exec.ForwardClientInput$2.call()Ljava/lang/Void;+4
j  org.gradle.launcher.daemon.server.exec.ForwardClientInput$2.call()Ljava/lang/Object;+1
j  org.gradle.util.Swapper.swap(Ljava/lang/Object;Ljava/util/concurrent/Callable;)Ljava/lang/Object;+21
j  org.gradle.launcher.daemon.server.exec.ForwardClientInput.execute(Lorg/gradle/launcher/daemon/server/exec/DaemonCommandExecution;)V+63
j  org.gradle.launcher.daemon.server.exec.DaemonCommandExecution.proceed()Z+28
j  org.gradle.launcher.daemon.server.exec.LogToClient.doBuild(Lorg/gradle/launcher/daemon/server/exec/DaemonCommandExecution;Lorg/gradle/launcher/daemon/protocol/Build;)V+92
j  org.gradle.launcher.daemon.server.exec.BuildCommandOnly.execute(Lorg/gradle/launcher/daemon/server/exec/DaemonCommandExecution;)V+49
j  org.gradle.launcher.daemon.server.exec.DaemonCommandExecution.proceed()Z+28
j  org.gradle.launcher.daemon.server.exec.EstablishBuildEnvironment.doBuild(Lorg/gradle/launcher/daemon/server/exec/DaemonCommandExecution;Lorg/gradle/launcher/daemon/protocol/Build;)V+237
j  org.gradle.launcher.daemon.server.exec.BuildCommandOnly.execute(Lorg/gradle/launcher/daemon/server/exec/DaemonCommandExecution;)V+49
j  org.gradle.launcher.daemon.server.exec.DaemonCommandExecution.proceed()Z+28
j  org.gradle.launcher.daemon.server.exec.DaemonHygieneAction.execute(Lorg/gradle/launcher/daemon/server/exec/DaemonCommandExecution;)V+1
j  org.gradle.launcher.daemon.server.exec.DaemonCommandExecution.proceed()Z+28
j  org.gradle.launcher.daemon.server.exec.StartBuildOrRespondWithBusy$1.run()V+44
j  org.gradle.launcher.daemon.server.DaemonStateCoordinator$1.run()V+4
j  org.gradle.internal.concurrent.DefaultExecutorFactory$StoppableExecutorImpl$1.run()V+18
j  java.util.concurrent.ThreadPoolExecutor.runWorker(Ljava/util/concurrent/ThreadPoolExecutor$Worker;)V+95
j  java.util.concurrent.ThreadPoolExecutor$Worker.run()V+5
j  java.lang.Thread.run()V+11
v  ~StubRoutines::call_stub

---------------  P R O C E S S  ---------------

Java Threads: ( => current thread )
  0x000000000d78a800 JavaThread "Stdin handler" [_thread_blocked, id=7940, stack(0x0000000010c90000,0x0000000010d90000)]
=>0x000000000e541800 JavaThread "Daemon worker Thread 2" [_thread_in_native, id=212, stack(0x0000000010d90000,0x0000000010e90000)]
  0x0000000010335800 JavaThread "Cancel handler" [_thread_blocked, id=10700, stack(0x000000000e9f0000,0x000000000eaf0000)]
  0x000000000bccf000 JavaThread "Daemon Thread 3" [_thread_blocked, id=9564, stack(0x000000000e7f0000,0x000000000e8f0000)]
  0x000000000facb800 JavaThread "Handler for socket connection from /127.0.0.1:61949 to /127.0.0.1:62074" [_thread_in_native, id=5388, stack(0x000000000e6d0000,0x000000000e7d0000)]
  0x000000000bbe0000 JavaThread "Daemon Thread 2" [_thread_blocked, id=10568, stack(0x000000000d2c0000,0x000000000d3c0000)]
  0x000000000d866800 JavaThread "File lock request listener" [_thread_in_native, id=2164, stack(0x000000000ebf0000,0x000000000ecf0000)]
  0x000000000bd57800 JavaThread "Incoming local TCP Connector on port 61949" [_thread_in_native, id=8936, stack(0x000000000ce20000,0x000000000cf20000)]
  0x00000000022a5000 JavaThread "Service Thread" daemon [_thread_blocked, id=2896, stack(0x000000000b450000,0x000000000b550000)]
  0x00000000022a4800 JavaThread "C2 CompilerThread1" daemon [_thread_blocked, id=10860, stack(0x000000000b350000,0x000000000b450000)]
  0x000000000229e800 JavaThread "C2 CompilerThread0" daemon [_thread_blocked, id=5632, stack(0x000000000b250000,0x000000000b350000)]
  0x000000000ac71000 JavaThread "Attach Listener" daemon [_thread_blocked, id=11776, stack(0x000000000b150000,0x000000000b250000)]
  0x000000000ac70800 JavaThread "Signal Dispatcher" daemon [_thread_blocked, id=1452, stack(0x000000000b050000,0x000000000b150000)]
  0x0000000008c81000 JavaThread "Finalizer" daemon [_thread_blocked, id=11612, stack(0x000000000ab50000,0x000000000ac50000)]
  0x0000000008c79800 JavaThread "Reference Handler" daemon [_thread_blocked, id=4876, stack(0x000000000aa50000,0x000000000ab50000)]
  0x000000000091d800 JavaThread "main" [_thread_blocked, id=10520, stack(0x0000000000970000,0x0000000000a70000)]

Other Threads:
  0x0000000008c75800 VMThread [stack: 0x000000000a950000,0x000000000aa50000] [id=6924]
  0x00000000022ac800 WatcherThread [stack: 0x000000000b550000,0x000000000b650000] [id=6844]

VM state:not at safepoint (normal execution)

VM Mutex/Monitor currently owned by a thread: None

Heap
 PSYoungGen      total 229376K, used 79608K [0x00000000eaa80000, 0x0000000100000000, 0x0000000100000000)
  eden space 208384K, 28% used [0x00000000eaa80000,0x00000000ee3c3840,0x00000000f7600000)
  from space 20992K, 99% used [0x00000000f7600000,0x00000000f8a7aa80,0x00000000f8a80000)
  to   space 24064K, 0% used [0x00000000fe880000,0x00000000fe880000,0x0000000100000000)
 ParOldGen       total 86528K, used 35020K [0x00000000c0000000, 0x00000000c5480000, 0x00000000eaa80000)
  object space 86528K, 40% used [0x00000000c0000000,0x00000000c2233398,0x00000000c5480000)
 PSPermGen       total 78336K, used 49458K [0x00000000b0000000, 0x00000000b4c80000, 0x00000000c0000000)
  object space 78336K, 63% used [0x00000000b0000000,0x00000000b304cac8,0x00000000b4c80000)

Card table byte_map: [0x0000000005380000,0x0000000005610000] byte_map_base: 0x0000000004e00000

Polling page: 0x0000000000900000

Code Cache  [0x00000000022c0000, 0x0000000002770000, 0x00000000052c0000)
 total_blobs=1693 nmethods=1068 adapters=576 free_code_cache=44467Kb largest_free_block=45421120

Compilation events (10 events):
Event: 249.577 Thread 0x000000000229e800 1138             java.io.ByteArrayInputStream::mark (9 bytes)
Event: 249.578 Thread 0x000000000229e800 nmethod 1138 0x0000000002569710 code [0x0000000002569840, 0x0000000002569898]
Event: 249.590 Thread 0x00000000022a4800 1139             sun.security.util.DerInputStream::getLength (111 bytes)
Event: 249.596 Thread 0x000000000229e800 1140   !         java.security.cert.Certificate::hashCode (34 bytes)
Event: 249.597 Thread 0x00000000022a4800 nmethod 1139 0x00000000026bf910 code [0x00000000026bfa60, 0x00000000026c0038]
Event: 249.599 Thread 0x000000000229e800 nmethod 1140 0x00000000026bc9d0 code [0x00000000026bcb20, 0x00000000026bcd08]
Event: 249.599 Thread 0x00000000022a4800 1141 % !         java.security.cert.Certificate::hashCode @ 9 (34 bytes)
Event: 249.602 Thread 0x00000000022a4800 nmethod 1141% 0x00000000026c0290 code [0x00000000026c03e0, 0x00000000026c05b8]
Event: 249.686 Thread 0x000000000229e800 1142             java.util.jar.Attributes::getValue (9 bytes)
Event: 249.696 Thread 0x000000000229e800 nmethod 1142 0x0000000002663710 code [0x0000000002663880, 0x0000000002663cf8]

GC Heap History (10 events):
Event: 6.482 GC heap before
{Heap before GC invocations=8 (full 0):
 PSYoungGen      total 75776K, used 74464K [0x00000000eaa80000, 0x00000000f3f80000, 0x0000000100000000)
  eden space 66560K, 100% used [0x00000000eaa80000,0x00000000eeb80000,0x00000000eeb80000)
  from space 9216K, 85% used [0x00000000eeb80000,0x00000000ef3381a8,0x00000000ef480000)
  to   space 9728K, 0% used [0x00000000f3600000,0x00000000f3600000,0x00000000f3f80000)
 ParOldGen       total 86528K, used 11494K [0x00000000c0000000, 0x00000000c5480000, 0x00000000eaa80000)
  object space 86528K, 13% used [0x00000000c0000000,0x00000000c0b399b8,0x00000000c5480000)
 PSPermGen       total 28672K, used 28368K [0x00000000b0000000, 0x00000000b1c00000, 0x00000000c0000000)
  object space 28672K, 98% used [0x00000000b0000000,0x00000000b1bb4040,0x00000000b1c00000)
Event: 6.493 GC heap after
Heap after GC invocations=8 (full 0):
 PSYoungGen      total 142336K, used 9120K [0x00000000eaa80000, 0x00000000f4080000, 0x0000000100000000)
  eden space 132608K, 0% used [0x00000000eaa80000,0x00000000eaa80000,0x00000000f2c00000)
  from space 9728K, 93% used [0x00000000f3600000,0x00000000f3ee82f0,0x00000000f3f80000)
  to   space 10240K, 0% used [0x00000000f2c00000,0x00000000f2c00000,0x00000000f3600000)
 ParOldGen       total 86528K, used 13202K [0x00000000c0000000, 0x00000000c5480000, 0x00000000eaa80000)
  object space 86528K, 15% used [0x00000000c0000000,0x00000000c0ce48a0,0x00000000c5480000)
 PSPermGen       total 28672K, used 28368K [0x00000000b0000000, 0x00000000b1c00000, 0x00000000c0000000)
  object space 28672K, 98% used [0x00000000b0000000,0x00000000b1bb4040,0x00000000b1c00000)
}
Event: 8.594 GC heap before
{Heap before GC invocations=9 (full 0):
 PSYoungGen      total 142336K, used 141728K [0x00000000eaa80000, 0x00000000f4080000, 0x0000000100000000)
  eden space 132608K, 100% used [0x00000000eaa80000,0x00000000f2c00000,0x00000000f2c00000)
  from space 9728K, 93% used [0x00000000f3600000,0x00000000f3ee82f0,0x00000000f3f80000)
  to   space 10240K, 0% used [0x00000000f2c00000,0x00000000f2c00000,0x00000000f3600000)
 ParOldGen       total 86528K, used 13202K [0x00000000c0000000, 0x00000000c5480000, 0x00000000eaa80000)
  object space 86528K, 15% used [0x00000000c0000000,0x00000000c0ce48a0,0x00000000c5480000)
 PSPermGen       total 35328K, used 35174K [0x00000000b0000000, 0x00000000b2280000, 0x00000000c0000000)
  object space 35328K, 99% used [0x00000000b0000000,0x00000000b22598a0,0x00000000b2280000)
Event: 8.617 GC heap after
Heap after GC invocations=9 (full 0):
 PSYoungGen      total 142848K, used 10228K [0x00000000eaa80000, 0x00000000f9b00000, 0x0000000100000000)
  eden space 132608K, 0% used [0x00000000eaa80000,0x00000000eaa80000,0x00000000f2c00000)
  from space 10240K, 99% used [0x00000000f2c00000,0x00000000f35fd010,0x00000000f3600000)
  to   space 16896K, 0% used [0x00000000f8a80000,0x00000000f8a80000,0x00000000f9b00000)
 ParOldGen       total 86528K, used 27295K [0x00000000c0000000, 0x00000000c5480000, 0x00000000eaa80000)
  object space 86528K, 31% used [0x00000000c0000000,0x00000000c1aa7e18,0x00000000c5480000)
 PSPermGen       total 35328K, used 35174K [0x00000000b0000000, 0x00000000b2280000, 0x00000000c0000000)
  object space 35328K, 99% used [0x00000000b0000000,0x00000000b22598a0,0x00000000b2280000)
}
Event: 10.245 GC heap before
{Heap before GC invocations=10 (full 0):
 PSYoungGen      total 142848K, used 98923K [0x00000000eaa80000, 0x00000000f9b00000, 0x0000000100000000)
  eden space 132608K, 66% used [0x00000000eaa80000,0x00000000f011deb8,0x00000000f2c00000)
  from space 10240K, 99% used [0x00000000f2c00000,0x00000000f35fd010,0x00000000f3600000)
  to   space 16896K, 0% used [0x00000000f8a80000,0x00000000f8a80000,0x00000000f9b00000)
 ParOldGen       total 86528K, used 27295K [0x00000000c0000000, 0x00000000c5480000, 0x00000000eaa80000)
  object space 86528K, 31% used [0x00000000c0000000,0x00000000c1aa7e18,0x00000000c5480000)
 PSPermGen       total 39424K, used 39015K [0x00000000b0000000, 0x00000000b2680000, 0x00000000c0000000)
  object space 39424K, 98% used [0x00000000b0000000,0x00000000b2619e50,0x00000000b2680000)
Event: 10.268 GC heap after
Heap after GC invocations=10 (full 0):
 PSYoungGen      total 225280K, used 16879K [0x00000000eaa80000, 0x00000000fa300000, 0x0000000100000000)
  eden space 208384K, 0% used [0x00000000eaa80000,0x00000000eaa80000,0x00000000f7600000)
  from space 16896K, 99% used [0x00000000f8a80000,0x00000000f9afbec0,0x00000000f9b00000)
  to   space 20992K, 0% used [0x00000000f7600000,0x00000000f7600000,0x00000000f8a80000)
 ParOldGen       total 86528K, used 31425K [0x00000000c0000000, 0x00000000c5480000, 0x00000000eaa80000)
  object space 86528K, 36% used [0x00000000c0000000,0x00000000c1eb04f0,0x00000000c5480000)
 PSPermGen       total 39424K, used 39015K [0x00000000b0000000, 0x00000000b2680000, 0x00000000c0000000)
  object space 39424K, 98% used [0x00000000b0000000,0x00000000b2619e50,0x00000000b2680000)
}
Event: 10.268 GC heap before
{Heap before GC invocations=11 (full 1):
 PSYoungGen      total 225280K, used 16879K [0x00000000eaa80000, 0x00000000fa300000, 0x0000000100000000)
  eden space 208384K, 0% used [0x00000000eaa80000,0x00000000eaa80000,0x00000000f7600000)
  from space 16896K, 99% used [0x00000000f8a80000,0x00000000f9afbec0,0x00000000f9b00000)
  to   space 20992K, 0% used [0x00000000f7600000,0x00000000f7600000,0x00000000f8a80000)
 ParOldGen       total 86528K, used 31425K [0x00000000c0000000, 0x00000000c5480000, 0x00000000eaa80000)
  object space 86528K, 36% used [0x00000000c0000000,0x00000000c1eb04f0,0x00000000c5480000)
 PSPermGen       total 39424K, used 39015K [0x00000000b0000000, 0x00000000b2680000, 0x00000000c0000000)
  object space 39424K, 98% used [0x00000000b0000000,0x00000000b2619e50,0x00000000b2680000)
Event: 10.545 GC heap after
Heap after GC invocations=11 (full 1):
 PSYoungGen      total 225280K, used 0K [0x00000000eaa80000, 0x00000000fa300000, 0x0000000100000000)
  eden space 208384K, 0% used [0x00000000eaa80000,0x00000000eaa80000,0x00000000f7600000)
  from space 16896K, 0% used [0x00000000f8a80000,0x00000000f8a80000,0x00000000f9b00000)
  to   space 20992K, 0% used [0x00000000f7600000,0x00000000f7600000,0x00000000f8a80000)
 ParOldGen       total 86528K, used 34452K [0x00000000c0000000, 0x00000000c5480000, 0x00000000eaa80000)
  object space 86528K, 39% used [0x00000000c0000000,0x00000000c21a51a8,0x00000000c5480000)
 PSPermGen       total 78336K, used 38961K [0x00000000b0000000, 0x00000000b4c80000, 0x00000000c0000000)
  object space 78336K, 49% used [0x00000000b0000000,0x00000000b260c6e0,0x00000000b4c80000)
}
Event: 15.884 GC heap before
{Heap before GC invocations=12 (full 1):
 PSYoungGen      total 225280K, used 208384K [0x00000000eaa80000, 0x00000000fa300000, 0x0000000100000000)
  eden space 208384K, 100% used [0x00000000eaa80000,0x00000000f7600000,0x00000000f7600000)
  from space 16896K, 0% used [0x00000000f8a80000,0x00000000f8a80000,0x00000000f9b00000)
  to   space 20992K, 0% used [0x00000000f7600000,0x00000000f7600000,0x00000000f8a80000)
 ParOldGen       total 86528K, used 34452K [0x00000000c0000000, 0x00000000c5480000, 0x00000000eaa80000)
  object space 86528K, 39% used [0x00000000c0000000,0x00000000c21a51a8,0x00000000c5480000)
 PSPermGen       total 78336K, used 47056K [0x00000000b0000000, 0x00000000b4c80000, 0x00000000c0000000)
  object space 78336K, 60% used [0x00000000b0000000,0x00000000b2df4310,0x00000000b4c80000)
Event: 15.901 GC heap after
Heap after GC invocations=12 (full 1):
 PSYoungGen      total 229376K, used 20970K [0x00000000eaa80000, 0x0000000100000000, 0x0000000100000000)
  eden space 208384K, 0% used [0x00000000eaa80000,0x00000000eaa80000,0x00000000f7600000)
  from space 20992K, 99% used [0x00000000f7600000,0x00000000f8a7aa80,0x00000000f8a80000)
  to   space 24064K, 0% used [0x00000000fe880000,0x00000000fe880000,0x0000000100000000)
 ParOldGen       total 86528K, used 35020K [0x00000000c0000000, 0x00000000c5480000, 0x00000000eaa80000)
  object space 86528K, 40% used [0x00000000c0000000,0x00000000c2233398,0x00000000c5480000)
 PSPermGen       total 78336K, used 47056K [0x00000000b0000000, 0x00000000b4c80000, 0x00000000c0000000)
  object space 78336K, 60% used [0x00000000b0000000,0x00000000b2df4310,0x00000000b4c80000)
}

Deoptimization events (10 events):
Event: 249.361 Thread 0x000000000e541800 Uncommon trap: reason=array_check action=maybe_recompile pc=0x00000000027332f4 method=java.util.TimSort.reverseRange([Ljava/lang/Object;II)V @ 20
Event: 249.483 Thread 0x000000000e541800 Uncommon trap: reason=unreached action=reinterpret pc=0x000000000269741c method=java.security.CodeSource.getCertificates()[Ljava/security/cert/Certificate; @ 22
Event: 249.522 Thread 0x000000000e541800 Uncommon trap: reason=class_check action=maybe_recompile pc=0x00000000024e7e04 method=java.util.AbstractList$Itr.hasNext()Z @ 8
Event: 249.522 Thread 0x000000000e541800 Uncommon trap: reason=class_check action=maybe_recompile pc=0x0000000002624134 method=java.util.AbstractList$Itr.next()Ljava/lang/Object; @ 14
Event: 249.603 Thread 0x000000000e541800 Uncommon trap: reason=bimorphic action=maybe_recompile pc=0x00000000024dfa5c method=java.util.regex.Pattern$Slice.match(Ljava/util/regex/Matcher;ILjava/lang/CharSequence;)Z @ 75
Event: 249.605 Thread 0x000000000e541800 Uncommon trap: reason=class_check action=maybe_recompile pc=0x00000000024e7e04 method=java.util.AbstractList$Itr.hasNext()Z @ 8
Event: 249.605 Thread 0x000000000e541800 Uncommon trap: reason=class_check action=maybe_recompile pc=0x0000000002624134 method=java.util.AbstractList$Itr.next()Ljava/lang/Object; @ 14
Event: 249.704 Thread 0x000000000e541800 Uncommon trap: reason=unreached action=reinterpret pc=0x00000000024d7014 method=java.lang.Integer.parseInt(Ljava/lang/String;I)I @ 1
Event: 249.715 Thread 0x000000000e541800 Uncommon trap: reason=class_check action=maybe_recompile pc=0x00000000024e7e04 method=java.util.AbstractList$Itr.hasNext()Z @ 8
Event: 249.715 Thread 0x000000000e541800 Uncommon trap: reason=class_check action=maybe_recompile pc=0x0000000002624134 method=java.util.AbstractList$Itr.next()Ljava/lang/Object; @ 14

Internal exceptions (10 events):
Event: 249.698 Thread 0x000000000e541800 Threw 0x00000000ee25fc10 at C:\re\jdk7u71\1605\hotspot\src\share\vm\prims\jvm.cpp:1281
Event: 249.698 Thread 0x000000000e541800 Threw 0x00000000ee260ad8 at C:\re\jdk7u71\1605\hotspot\src\share\vm\prims\jvm.cpp:1281
Event: 249.698 Thread 0x000000000e541800 Threw 0x00000000ee266528 at C:\re\jdk7u71\1605\hotspot\src\share\vm\prims\jvm.cpp:1281
Event: 249.700 Thread 0x000000000e541800 Threw 0x00000000ee26fa90 at C:\re\jdk7u71\1605\hotspot\src\share\vm\prims\jvm.cpp:1281
Event: 249.700 Thread 0x000000000e541800 Threw 0x00000000ee2708a0 at C:\re\jdk7u71\1605\hotspot\src\share\vm\prims\jvm.cpp:1281
Event: 249.700 Thread 0x000000000e541800 Threw 0x00000000ee275500 at C:\re\jdk7u71\1605\hotspot\src\share\vm\prims\jvm.cpp:1281
Event: 249.702 Thread 0x000000000e541800 Threw 0x00000000ee27ec98 at C:\re\jdk7u71\1605\hotspot\src\share\vm\prims\jvm.cpp:1281
Event: 249.702 Thread 0x000000000e541800 Threw 0x00000000ee27f978 at C:\re\jdk7u71\1605\hotspot\src\share\vm\prims\jvm.cpp:1281
Event: 249.702 Thread 0x000000000e541800 Threw 0x00000000ee285358 at C:\re\jdk7u71\1605\hotspot\src\share\vm\prims\jvm.cpp:1281
Event: 249.704 Thread 0x000000000e541800 Implicit null exception at 0x00000000024d6b2f to 0x00000000024d7001

Events (10 events):
Event: 249.724 loading class 0x000000000e63faf0
Event: 249.725 loading class 0x000000000e63faf0 done
Event: 249.725 loading class 0x000000000e6420f0
Event: 249.725 loading class 0x000000000e6420f0 done
Event: 249.730 loading class 0x000000000e3707e0
Event: 249.730 loading class 0x000000000e3707e0 done
Event: 249.731 loading class 0x000000000e643340
Event: 249.732 loading class 0x000000000e643340 done
Event: 249.732 loading class 0x000000000e6432d0
Event: 249.732 loading class 0x000000000e6432d0 done


Dynamic libraries:
0x00007ff679be0000 - 0x00007ff679c13000 	C:\Program Files\Java\jdk1.7.0_71\bin\java.exe
0x00007ffe9eb50000 - 0x00007ffe9ecf6000 	C:\Windows\SYSTEM32\ntdll.dll
0x00007ffe9c8a0000 - 0x00007ffe9c9da000 	C:\Windows\system32\KERNEL32.DLL
0x00007ffe9c1c0000 - 0x00007ffe9c2cf000 	C:\Windows\system32\KERNELBASE.dll
0x00007ffe9aa80000 - 0x00007ffe9ab08000 	C:\Windows\system32\apphelp.dll
0x00007ffe86770000 - 0x00007ffe867bf000 	C:\Windows\AppPatch\AppPatch64\AcGenral.DLL
0x00007ffe9e1f0000 - 0x00007ffe9e297000 	C:\Windows\system32\msvcrt.dll
0x00007ffe9bd00000 - 0x00007ffe9bd2b000 	C:\Windows\SYSTEM32\SspiCli.dll
0x00007ffe9c550000 - 0x00007ffe9c5a1000 	C:\Windows\system32\SHLWAPI.dll
0x00007ffe9c3d0000 - 0x00007ffe9c541000 	C:\Windows\system32\USER32.dll
0x00007ffe9e520000 - 0x00007ffe9e698000 	C:\Windows\system32\ole32.dll
0x00007ffe9cd40000 - 0x00007ffe9e14f000 	C:\Windows\system32\SHELL32.dll
0x00007ffe9b4b0000 - 0x00007ffe9b4ce000 	C:\Windows\SYSTEM32\USERENV.dll
0x00007ffe9e470000 - 0x00007ffe9e515000 	C:\Windows\system32\ADVAPI32.dll
0x00007ffe8d4f0000 - 0x00007ffe8d50b000 	C:\Windows\SYSTEM32\MPR.dll
0x00007ffe9c5c0000 - 0x00007ffe9c6f7000 	C:\Windows\system32\RPCRT4.dll
0x00007ffe9e7e0000 - 0x00007ffe9e837000 	C:\Windows\SYSTEM32\sechost.dll
0x00007ffe9cb30000 - 0x00007ffe9cd06000 	C:\Windows\SYSTEM32\combase.dll
0x00007ffe9c9e0000 - 0x00007ffe9cb24000 	C:\Windows\system32\GDI32.dll
0x00007ffe9bec0000 - 0x00007ffe9bed4000 	C:\Windows\SYSTEM32\profapi.dll
0x00007ffe9a470000 - 0x00007ffe9a50f000 	C:\Windows\SYSTEM32\SHCORE.dll
0x00007ffe9e1b0000 - 0x00007ffe9e1e4000 	C:\Windows\system32\IMM32.DLL
0x00007ffe9e6a0000 - 0x00007ffe9e7d9000 	C:\Windows\system32\MSCTF.dll
0x00007ffe99c60000 - 0x00007ffe99eba000 	C:\Windows\WinSxS\amd64_microsoft.windows.common-controls_6595b64144ccf1df_6.0.9600.17031_none_6242a4b3ecbb55a1\COMCTL32.dll
0x000000006cb40000 - 0x000000006cc12000 	C:\Program Files\Java\jdk1.7.0_71\jre\bin\msvcr100.dll
0x000000006cfd0000 - 0x000000006d7a3000 	C:\Program Files\Java\jdk1.7.0_71\jre\bin\server\jvm.dll
0x00007ffe91f10000 - 0x00007ffe91f19000 	C:\Windows\SYSTEM32\WSOCK32.dll
0x00007ffe97d00000 - 0x00007ffe97d1f000 	C:\Windows\SYSTEM32\WINMM.dll
0x00007ffe9cd10000 - 0x00007ffe9cd17000 	C:\Windows\system32\PSAPI.DLL
0x00007ffe9eaf0000 - 0x00007ffe9eb48000 	C:\Windows\system32\WS2_32.dll
0x00007ffe97c80000 - 0x00007ffe97caa000 	C:\Windows\SYSTEM32\WINMMBASE.dll
0x00007ffe9c5b0000 - 0x00007ffe9c5b9000 	C:\Windows\system32\NSI.dll
0x00007ffe9c170000 - 0x00007ffe9c1ba000 	C:\Windows\SYSTEM32\cfgmgr32.dll
0x00007ffe9ace0000 - 0x00007ffe9ad06000 	C:\Windows\SYSTEM32\DEVOBJ.dll
0x000000006cfc0000 - 0x000000006cfcf000 	C:\Program Files\Java\jdk1.7.0_71\jre\bin\verify.dll
0x000000006cf90000 - 0x000000006cfb8000 	C:\Program Files\Java\jdk1.7.0_71\jre\bin\java.dll
0x000000006cf70000 - 0x000000006cf85000 	C:\Program Files\Java\jdk1.7.0_71\jre\bin\zip.dll
0x000000006cf50000 - 0x000000006cf69000 	C:\Program Files\Java\jdk1.7.0_71\jre\bin\net.dll
0x0000000180000000 - 0x0000000180078000 	C:\Windows\system32\ASProxy64.dll
0x00007ffe9b700000 - 0x00007ffe9b758000 	C:\Windows\SYSTEM32\MSWSOCK.dll
0x00007ffe9af70000 - 0x00007ffe9af99000 	C:\Windows\SYSTEM32\IPHLPAPI.DLL
0x00007ffe9e840000 - 0x00007ffe9e901000 	C:\Windows\system32\OLEAUT32.dll
0x00007ffe9af60000 - 0x00007ffe9af6a000 	C:\Windows\SYSTEM32\VERSION.dll
0x00007ffe9af50000 - 0x00007ffe9af5a000 	C:\Windows\SYSTEM32\WINNSI.DLL
0x00007ffe9acd0000 - 0x00007ffe9acda000 	C:\Windows\SYSTEM32\kernel.appcore.dll
0x00007ffe9bd90000 - 0x00007ffe9bd9a000 	C:\Windows\SYSTEM32\CRYPTBASE.dll
0x00007ffe9bd30000 - 0x00007ffe9bd90000 	C:\Windows\SYSTEM32\bcryptPrimitives.dll
0x00007ffe9ab50000 - 0x00007ffe9ac71000 	C:\Windows\system32\uxtheme.dll
0x00007ffe92e40000 - 0x00007ffe92e88000 	C:\Program Files (x86)\TeamViewer\tv_x64.dll
0x00007ffe9e3a0000 - 0x00007ffe9e444000 	C:\Windows\SYSTEM32\clbcatq.dll
0x00007ffe9b760000 - 0x00007ffe9b77e000 	C:\Windows\SYSTEM32\CRYPTSP.dll
0x00007ffe9b3a0000 - 0x00007ffe9b3d5000 	C:\Windows\system32\rsaenh.dll
0x00007ffe9ba00000 - 0x00007ffe9ba26000 	C:\Windows\SYSTEM32\bcrypt.dll
0x00007ffe9bda0000 - 0x00007ffe9be37000 	C:\Windows\SYSTEM32\sxs.dll
0x000000006cf30000 - 0x000000006cf41000 	C:\Program Files\Java\jdk1.7.0_71\jre\bin\nio.dll
0x00007ffe950d0000 - 0x00007ffe950e4000 	C:\Windows\SYSTEM32\dhcpcsvc6.DLL
0x00007ffe95200000 - 0x00007ffe95219000 	C:\Windows\SYSTEM32\dhcpcsvc.DLL
0x00007ffe890c0000 - 0x00007ffe890d2000 	C:\Users\Vincent\AppData\Local\Temp\native-platform4554193594688139985dir\native-platform.dll
0x000000006cc60000 - 0x000000006cc84000 	C:\Program Files\Java\jdk1.7.0_71\jre\bin\sunec.dll
0x000000006cc50000 - 0x000000006cc5b000 	C:\Program Files\Java\jdk1.7.0_71\jre\bin\sunmscapi.dll
0x00007ffe9bf90000 - 0x00007ffe9c16f000 	C:\Windows\system32\CRYPT32.dll
0x00007ffe9bf70000 - 0x00007ffe9bf82000 	C:\Windows\system32\MSASN1.dll
0x00007ffe88460000 - 0x00007ffe88474000 	C:\Windows\system32\napinsp.dll
0x00007ffe88550000 - 0x00007ffe88569000 	C:\Windows\system32\pnrpnsp.dll
0x00007ffe96900000 - 0x00007ffe96919000 	C:\Windows\system32\NLAapi.dll
0x00007ffe9b510000 - 0x00007ffe9b5b3000 	C:\Windows\SYSTEM32\DNSAPI.dll
0x00007ffe88570000 - 0x00007ffe8857c000 	C:\Windows\System32\winrnr.dll
0x00007ffe88580000 - 0x00007ffe88593000 	C:\Windows\system32\wshbth.dll
0x00007ffe8af10000 - 0x00007ffe8af19000 	C:\Windows\System32\rasadhlp.dll
0x00007ffe95130000 - 0x00007ffe95198000 	C:\Windows\System32\fwpuclnt.dll
0x00007ffe87430000 - 0x00007ffe875b8000 	C:\Windows\SYSTEM32\dbghelp.dll

VM Arguments:
jvm_args: -XX:MaxPermSize=256m -XX:+HeapDumpOnOutOfMemoryError -Xmx1024m -Dfile.encoding=windows-1252 -Duser.country=FR -Duser.language=fr -Duser.variant 
java_command: org.gradle.launcher.daemon.bootstrap.GradleDaemon 2.2.1 C:\Users\Vincent\.gradle\daemon 10800000 7f26fb21-e292-47b1-b073-06724ea066ad -XX:MaxPermSize=256m -XX:+HeapDumpOnOutOfMemoryError -Xmx1024m -Dfile.encoding=windows-1252 -Duser.country=FR -Duser.language=fr -Duser.variant
Launcher Type: SUN_STANDARD

Environment Variables:
JAVA_HOME=C:\Program Files\Java\jdk1.7.0_71
PATH=C:\Program Files (x86)\NVIDIA Corporation\PhysX\Common;C:\Program Files (x86)\Intel\iCLS Client\;C:\Program Files\Intel\iCLS Client\;C:\ProgramData\Oracle\Java\javapath;C:\Windows\system32;C:\Windows;C:\Windows\System32\Wbem;C:\Windows\System32\WindowsPowerShell\v1.0\;C:\Program Files\nodejs\;C:\Program Files\Intel\Intel(R) Management Engine Components\DAL;C:\Program Files\Intel\Intel(R) Management Engine Components\IPT;C:\Program Files (x86)\Intel\Intel(R) Management Engine Components\DAL;C:\Program Files (x86)\Intel\Intel(R) Management Engine Components\IPT;C:\Program Files\Intel\WiFi\bin\;C:\Program Files\Common Files\Intel\WirelessCommon\;C:\Program Files (x86)\Git\cmd;C:\Program Files\TortoiseSVN\bin;C:\Program Files\Microsoft SQL Server\110\Tools\Binn\;C:\Program Files (x86)\Microsoft SDKs\TypeScript\1.0\;C:\Program Files\Microsoft SQL Server\120\Tools\Binn\;C:\Program Files (x86)\Windows Kits\8.1\Windows Performance Toolkit\;C:\Ruby21-x64\bin;C:\Users\Vincent\AppData\Roaming\npm;C:\Program Files\Java\jdk1.7.0_71\bin;C:\android\adt-bundle-windows-x86_64-20140702\sdk\tools;C:\android\adt-bundle-windows-x86_64-20140702\sdk\platform-tools;C:\apache-ant-1.9.4\bin;C:\Program Files\Intel\WiFi\bin\;C:\Program Files\Common Files\Intel\WirelessCommon\;C:\Program Files\MongoDB 2.6 Standard\bin
USERNAME=Vincent
OS=Windows_NT
PROCESSOR_IDENTIFIER=Intel64 Family 6 Model 60 Stepping 3, GenuineIntel



---------------  S Y S T E M  ---------------

OS: Windows 8.1 , 64 bit Build 9600 

CPU:total 8 (4 cores per cpu, 2 threads per core) family 6 model 60 stepping 3, cmov, cx8, fxsr, mmx, sse, sse2, sse3, ssse3, sse4.1, sse4.2, popcnt, avx, avx2, aes, erms, ht, tsc, tscinvbit

Memory: 4k page, physical 8306752k(3351620k free), swap 9617472k(3091628k free)

vm_info: Java HotSpot(TM) 64-Bit Server VM (24.71-b01) for windows-amd64 JRE (1.7.0_71-b14), built on Sep 26 2014 16:16:12 by "java_re" with unknown MS VC++:1600

time: Sat Jan 03 17:57:48 2015
elapsed time: 249 seconds

